<?xml version="1.0" encoding="UTF-8"?>
<testng-results ignored="0" total="4" passed="4" failed="0" skipped="0">
  <reporter-output>
  </reporter-output>
  <suite started-at="2024-01-03T01:18:51 EET" name="Sprint 01 positive scenario" finished-at="2024-01-03T01:19:31 EET" duration-ms="40476">
    <groups>
    </groups>
    <test started-at="2024-01-03T01:18:51 EET" name="check login to swagLabs with valid data " finished-at="2024-01-03T01:19:05 EET" duration-ms="14247">
      <class name="testcase.TC01_Login">
        <test-method is-config="true" signature="setupDriver(java.lang.String)[pri:0, instance:testcase.TC01_Login@2519026b]" started-at="2024-01-03T01:18:51 EET" name="setupDriver" finished-at="2024-01-03T01:18:58 EET" duration-ms="7379" status="PASS">
          <params>
            <param index="0">
              <value>
                <![CDATA[]]>
              </value>
            </param>
          </params>
          <reporter-output>
          </reporter-output>
        </test-method> <!-- setupDriver -->
        <test-method signature="loginWithRegisteredUser_P()[pri:1, instance:testcase.TC01_Login@2519026b]" started-at="2024-01-03T01:18:58 EET" name="loginWithRegisteredUser_P" description=" Login with register user data " finished-at="2024-01-03T01:19:03 EET" duration-ms="4422" status="PASS">
          <reporter-output>
          </reporter-output>
        </test-method> <!-- loginWithRegisteredUser_P -->
        <test-method is-config="true" signature="tearDown()[pri:0, instance:testcase.TC01_Login@2519026b]" started-at="2024-01-03T01:19:03 EET" name="tearDown" finished-at="2024-01-03T01:19:05 EET" duration-ms="2136" status="PASS">
          <reporter-output>
          </reporter-output>
        </test-method> <!-- tearDown -->
      </class> <!-- testcase.TC01_Login -->
    </test> <!-- check login to swagLabs with valid data  -->
    <test started-at="2024-01-03T01:19:05 EET" name="Add items to cart " finished-at="2024-01-03T01:19:18 EET" duration-ms="12479">
      <class name="testcase.TC02_CreateOrder">
        <test-method is-config="true" signature="setupDriver(java.lang.String)[pri:0, instance:testcase.TC02_CreateOrder@774c5e5c]" started-at="2024-01-03T01:19:05 EET" name="setupDriver" finished-at="2024-01-03T01:19:10 EET" duration-ms="4347" status="PASS">
          <params>
            <param index="0">
              <value>
                <![CDATA[]]>
              </value>
            </param>
          </params>
          <reporter-output>
          </reporter-output>
        </test-method> <!-- setupDriver -->
        <test-method signature="createOrderWithAllProducts()[pri:1, instance:testcase.TC02_CreateOrder@774c5e5c]" started-at="2024-01-03T01:19:10 EET" name="createOrderWithAllProducts" description=" Create success order for logged user" finished-at="2024-01-03T01:19:17 EET" duration-ms="7124" status="PASS">
          <reporter-output>
          </reporter-output>
        </test-method> <!-- createOrderWithAllProducts -->
        <test-method is-config="true" signature="tearDown()[pri:0, instance:testcase.TC02_CreateOrder@774c5e5c]" started-at="2024-01-03T01:19:17 EET" name="tearDown" finished-at="2024-01-03T01:19:18 EET" duration-ms="1005" status="PASS">
          <reporter-output>
          </reporter-output>
        </test-method> <!-- tearDown -->
      </class> <!-- testcase.TC02_CreateOrder -->
    </test> <!-- Add items to cart  -->
    <test started-at="2024-01-03T01:19:18 EET" name="Logout system " finished-at="2024-01-03T01:19:25 EET" duration-ms="6930">
      <class name="testcase.TC03_Logout">
        <test-method is-config="true" signature="setupDriver(java.lang.String)[pri:0, instance:testcase.TC03_Logout@46d69ca4]" started-at="2024-01-03T01:19:18 EET" name="setupDriver" finished-at="2024-01-03T01:19:21 EET" duration-ms="3245" status="PASS">
          <params>
            <param index="0">
              <value>
                <![CDATA[]]>
              </value>
            </param>
          </params>
          <reporter-output>
          </reporter-output>
        </test-method> <!-- setupDriver -->
        <test-method signature="logoutSystem()[pri:1, instance:testcase.TC03_Logout@46d69ca4]" started-at="2024-01-03T01:19:21 EET" name="logoutSystem" finished-at="2024-01-03T01:19:24 EET" duration-ms="2505" status="PASS">
          <reporter-output>
          </reporter-output>
        </test-method> <!-- logoutSystem -->
        <test-method is-config="true" signature="tearDown()[pri:0, instance:testcase.TC03_Logout@46d69ca4]" started-at="2024-01-03T01:19:24 EET" name="tearDown" finished-at="2024-01-03T01:19:25 EET" duration-ms="1176" status="PASS">
          <reporter-output>
          </reporter-output>
        </test-method> <!-- tearDown -->
      </class> <!-- testcase.TC03_Logout -->
    </test> <!-- Logout system  -->
    <test started-at="2024-01-03T01:19:25 EET" name="sortProductsFromLowToHigh " finished-at="2024-01-03T01:19:31 EET" duration-ms="6583">
      <class name="testcase.TC04_SortProduct">
        <test-method is-config="true" signature="defineSuite()[pri:0, instance:testcase.TC04_SortProduct@22002459]" started-at="2024-01-03T01:18:49 EET" name="defineSuite" finished-at="2024-01-03T01:18:51 EET" duration-ms="2077" status="PASS">
          <reporter-output>
          </reporter-output>
        </test-method> <!-- defineSuite -->
        <test-method is-config="true" signature="setupDriver(java.lang.String)[pri:0, instance:testcase.TC04_SortProduct@22002459]" started-at="2024-01-03T01:19:25 EET" name="setupDriver" finished-at="2024-01-03T01:19:28 EET" duration-ms="2806" status="PASS">
          <params>
            <param index="0">
              <value>
                <![CDATA[]]>
              </value>
            </param>
          </params>
          <reporter-output>
          </reporter-output>
        </test-method> <!-- setupDriver -->
        <test-method signature="sortProductsFromLowToHigh()[pri:1, instance:testcase.TC04_SortProduct@22002459]" started-at="2024-01-03T01:19:28 EET" name="sortProductsFromLowToHigh" finished-at="2024-01-03T01:19:30 EET" duration-ms="2677" status="PASS">
          <reporter-output>
          </reporter-output>
        </test-method> <!-- sortProductsFromLowToHigh -->
        <test-method is-config="true" signature="tearDown()[pri:0, instance:testcase.TC04_SortProduct@22002459]" started-at="2024-01-03T01:19:30 EET" name="tearDown" finished-at="2024-01-03T01:19:31 EET" duration-ms="1097" status="PASS">
          <reporter-output>
          </reporter-output>
        </test-method> <!-- tearDown -->
        <test-method is-config="true" signature="endSuite()[pri:0, instance:testcase.TC04_SortProduct@22002459]" started-at="2024-01-03T01:19:31 EET" name="endSuite" finished-at="2024-01-03T01:19:32 EET" duration-ms="390" status="PASS">
          <reporter-output>
          </reporter-output>
        </test-method> <!-- endSuite -->
      </class> <!-- testcase.TC04_SortProduct -->
    </test> <!-- sortProductsFromLowToHigh  -->
  </suite> <!-- Sprint 01 positive scenario -->
  <suite started-at="2024-01-03T01:19:32 EET" name="All Test Suite" finished-at="2024-01-03T01:19:32 EET" duration-ms="0">
    <groups>
    </groups>
  </suite> <!-- All Test Suite -->
</testng-results>
