<?xml version="1.0" encoding="UTF-8"?>
<testng-results ignored="0" total="2" passed="2" failed="0" skipped="0">
  <reporter-output>
  </reporter-output>
  <suite started-at="2023-12-23T15:06:40 EET" name="Sprint 01 positive scenario" finished-at="2023-12-23T15:07:05 EET" duration-ms="24616">
    <groups>
    </groups>
    <test started-at="2023-12-23T15:06:40 EET" name="check login to swagLabs with valid data " finished-at="2023-12-23T15:06:50 EET" duration-ms="10333">
      <class name="testcase.TC01_Login">
        <test-method is-config="true" signature="setupDriver(java.lang.String)[pri:0, instance:testcase.TC01_Login@75b25825]" started-at="2023-12-23T15:06:40 EET" name="setupDriver" finished-at="2023-12-23T15:06:46 EET" duration-ms="6486" status="PASS">
          <params>
            <param index="0">
              <value>
                <![CDATA[]]>
              </value>
            </param>
          </params>
          <reporter-output>
          </reporter-output>
        </test-method> <!-- setupDriver -->
        <test-method signature="loginWithRegisteredUser_P()[pri:1, instance:testcase.TC01_Login@75b25825]" started-at="2023-12-23T15:06:46 EET" name="loginWithRegisteredUser_P" description=" Login with register user data " finished-at="2023-12-23T15:06:49 EET" duration-ms="2863" status="PASS">
          <reporter-output>
          </reporter-output>
        </test-method> <!-- loginWithRegisteredUser_P -->
        <test-method is-config="true" signature="tearDown()[pri:0, instance:testcase.TC01_Login@75b25825]" started-at="2023-12-23T15:06:49 EET" name="tearDown" finished-at="2023-12-23T15:06:50 EET" duration-ms="957" status="PASS">
          <reporter-output>
          </reporter-output>
        </test-method> <!-- tearDown -->
      </class> <!-- testcase.TC01_Login -->
    </test> <!-- check login to swagLabs with valid data  -->
    <test started-at="2023-12-23T15:06:50 EET" name="Add items to cart " finished-at="2023-12-23T15:07:05 EET" duration-ms="14264">
      <class name="testcase.TC02_CreateOrder">
        <test-method is-config="true" signature="defineSuite()[pri:0, instance:testcase.TC02_CreateOrder@4db60246]" started-at="2023-12-23T15:06:40 EET" name="defineSuite" finished-at="2023-12-23T15:06:40 EET" duration-ms="219" status="PASS">
          <reporter-output>
          </reporter-output>
        </test-method> <!-- defineSuite -->
        <test-method is-config="true" signature="setupDriver(java.lang.String)[pri:0, instance:testcase.TC02_CreateOrder@4db60246]" started-at="2023-12-23T15:06:50 EET" name="setupDriver" finished-at="2023-12-23T15:06:55 EET" duration-ms="5157" status="PASS">
          <params>
            <param index="0">
              <value>
                <![CDATA[]]>
              </value>
            </param>
          </params>
          <reporter-output>
          </reporter-output>
        </test-method> <!-- setupDriver -->
        <test-method signature="createOrderWithAllProducts()[pri:0, instance:testcase.TC02_CreateOrder@4db60246]" started-at="2023-12-23T15:06:55 EET" name="createOrderWithAllProducts" finished-at="2023-12-23T15:07:03 EET" duration-ms="7966" status="PASS">
          <reporter-output>
          </reporter-output>
        </test-method> <!-- createOrderWithAllProducts -->
        <test-method is-config="true" signature="tearDown()[pri:0, instance:testcase.TC02_CreateOrder@4db60246]" started-at="2023-12-23T15:07:03 EET" name="tearDown" finished-at="2023-12-23T15:07:05 EET" duration-ms="1139" status="PASS">
          <reporter-output>
          </reporter-output>
        </test-method> <!-- tearDown -->
        <test-method is-config="true" signature="endSuite()[pri:0, instance:testcase.TC02_CreateOrder@4db60246]" started-at="2023-12-23T15:07:05 EET" name="endSuite" finished-at="2023-12-23T15:07:05 EET" duration-ms="207" status="PASS">
          <reporter-output>
          </reporter-output>
        </test-method> <!-- endSuite -->
      </class> <!-- testcase.TC02_CreateOrder -->
    </test> <!-- Add items to cart  -->
  </suite> <!-- Sprint 01 positive scenario -->
  <suite started-at="2023-12-23T15:07:05 EET" name="All Test Suite" finished-at="2023-12-23T15:07:05 EET" duration-ms="0">
    <groups>
    </groups>
  </suite> <!-- All Test Suite -->
</testng-results>
